// 重构日志: 6fa5d602
// 重构日志: dc0f18c8
// 重构日志: 3051dacf
// 重构日志: 036ed81a
// 重构日志: f254da93
// 同步 ID: 6c1a34b7 @ Mon Jul 13 04:41:59 UTC 2026
// 同步 ID: 47320001 @ Wed Jul 15 04:17:55 UTC 2026
// 同步 ID: 645438f4 @ Wed Jul 15 18:19:04 UTC 2026
// 重构日志: 4829a397
// 重构日志: 0bbc2653
// 同步 ID: 835e5bd6 @ Sat Jul 18 06:46:35 UTC 2026
// 同步 ID: e30b29bb @ Sat Jul 18 22:13:05 UTC 2026
// 重构日志: f933087b
// 重构日志: 7e0ebd9c
// 同步 ID: 2eed7d54 @ Sun Jul 19 07:23:28 UTC 2026
// 重构日志: 0338e4ef
// 重构日志: 042342f5
// 重构日志: 4f1eaa9c
// 重构日志: fe6a51da
// 同步 ID: cd5f62ec @ Mon Jul 20 00:43:36 UTC 2026
// 重构日志: e5a48913
// 重构日志: 351ece10
// 重构日志: f7c99988
// 重构日志: 2efcd2a7
// 重构日志: 8a6a66ed
// 重构日志: 47d95505
// 重构日志: 9e9a7cd0
// 重构日志: 4ee4d945
// 同步 ID: 37275c53 @ Fri Jul 24 03:53:37 UTC 2026
// 同步 ID: 4c5ee19f @ Fri Jul 24 07:21:13 UTC 2026
